// 重构日志: df55b2d8
// 重构日志: 38e309eb
// 重构日志: 896263a4
// 同步 ID: a467398b @ Tue Jun 30 12:06:45 UTC 2026
// 同步 ID: 31864022 @ Wed Jul  1 12:18:57 UTC 2026
// 重构日志: 9df9210e
// 同步 ID: 96b13dbc @ Thu Jul  2 17:47:42 UTC 2026
// 重构日志: 5bcecac0
// 同步 ID: f806d48a @ Sat Jul  4 12:26:00 UTC 2026
// 同步 ID: 57c1aa6e @ Sun Jul  5 13:55:44 UTC 2026
// 重构日志: 5499d982
// 同步 ID: 0457ec6a @ Sat Jul 11 05:38:07 UTC 2026
// 重构日志: 6b611752
// 同步 ID: b063e49c @ Sat Jul 11 11:42:50 UTC 2026
// 同步 ID: f77d97b3 @ Sat Jul 11 18:21:41 UTC 2026
// 同步 ID: 710bc0be @ Sun Jul 12 02:11:00 UTC 2026
// 同步 ID: e53d76fb @ Mon Jul 13 09:13:29 UTC 2026
// 同步 ID: 978d82b9 @ Wed Jul 15 12:03:49 UTC 2026
// 重构日志: 23fc2bc0
// 重构日志: 7e81ee5b
// 同步 ID: 9f3e7491 @ Fri Jul 17 13:13:39 UTC 2026
// 重构日志: 1ad8a526
// 同步 ID: 29920760 @ Sat Jul 18 05:22:42 UTC 2026
// 重构日志: ba344365
// 同步 ID: 3dea8588 @ Sat Jul 18 09:23:43 UTC 2026
// 同步 ID: 8a5daf9e @ Sat Jul 18 12:48:41 UTC 2026
// 同步 ID: fc531ea8 @ Sun Jul 19 02:00:48 UTC 2026
// 同步 ID: 96054e98 @ Sun Jul 19 10:04:37 UTC 2026
// 重构日志: f060afe9
// 同步 ID: 9f1e7dd6 @ Sun Jul 19 17:54:29 UTC 2026
// 重构日志: f0c15a71
